<?xml version="1.0" encoding="UTF-8"?>
<!-- Generated by org.testng.reporters.JUnitReportReporter -->
<testsuite hostname="DESKTOP-T3O9DDM" failures="0" tests="4" name="webdriver.HMSReg" time="21.314" errors="0" timestamp="3 Feb 2020 06:24:38 GMT">
  <testcase classname="webdriver.HMSReg" name="test4" time="0.041"/>
  <testcase classname="webdriver.HMSReg" name="test2" time="0.733"/>
  <testcase classname="webdriver.HMSReg" name="test1" time="9.399"/>
  <testcase classname="webdriver.HMSReg" name="test3" time="11.141"/>
</testsuite> <!-- webdriver.HMSReg -->
