<?xml version="1.0" encoding="UTF-8"?>
<!-- Generated by org.testng.reporters.JUnitReportReporter -->
<testsuite hostname="DESKTOP-T3O9DDM" failures="0" tests="1" name="webdriver.Apsrtc" time="0.763" errors="0" timestamp="3 Feb 2020 11:47:43 GMT">
  <testcase classname="webdriver.Apsrtc" name="f" time="0.763"/>
</testsuite> <!-- webdriver.Apsrtc -->
